<?xml version="1.0" encoding="UTF-8"?>
<!-- Generated by org.testng.reporters.JUnitXMLReporter -->
<testsuite ignored="3" hostname="DESKTOP-QGMO3TS" failures="1" tests="7" name="Test" time="20.881" errors="0" timestamp="2025-06-27T19:00:41 IST">
  <testcase classname="testCases.LoginTest" name="verifyIncorrectCredLogin" time="2.423"/>
  <testcase classname="testCases.LoginTest" name="verifyBlankEmailLogin" time="0.762"/>
  <testcase classname="testCases.LoginTest" name="verifyBlankPasswordLogin" time="1.393"/>
  <testcase classname="testCases.LoginTest" name="verifyCorrectCredLogin" time="2.504"/>
  <testcase classname="testCases.HomeTest" name="verifyHomeCardsVisibility" time="0.303"/>
  <testcase classname="testCases.CRMTest" name="verifyPageIsCRMPage" time="1.29"/>
  <testcase classname="testCases.CRMTest" name="verifyUploadBulkUserFile" time="11.695">
    <failure type="java.lang.AssertionError" message="The following asserts failed:
	File upload message does not match! expected [Create success!] but found [Customer handle : Mayur should be unique provided at : 1]">
      <![CDATA[java.lang.AssertionError: The following asserts failed:
File upload message does not match! expected [Create success!] but found [Customer handle : Mayur should be unique provided at : 1]
at testCases.CRMTest.verifyUploadBulkUserFile(CRMTest.java:57)
at java.base/java.util.ArrayList.forEach(ArrayList.java:1511)
... Removed 29 stack frames]]>
    </failure>
  </testcase> <!-- verifyUploadBulkUserFile -->
  <testcase classname="testCases.CRMTest" name="verifyDownloadSampleCSV" time="0.0">
    <ignored/>
  </testcase> <!-- verifyDownloadSampleCSV -->
  <testcase classname="testBase.BaseClass" name="@BeforeSuite browserLounching" time="0.0">
    <ignored/>
  </testcase> <!-- @BeforeSuite browserLounching -->
  <testcase classname="testBase.BaseClass" name="@BeforeSuite browserLounching" time="0.0">
    <ignored/>
  </testcase> <!-- @BeforeSuite browserLounching -->
</testsuite> <!-- Test -->
