<?xml version="1.0" encoding="UTF-8"?>
<!-- Generated by org.testng.reporters.JUnitXMLReporter -->
<testsuite ignored="1" hostname="DESKTOP-QGMO3TS" failures="0" tests="6" name="test" time="14.402" errors="0" timestamp="2025-07-09T21:56:12 IST">
  <testcase classname="testCases.LoginTest" name="verifyIncorrectCredLogin" time="2.631"/>
  <testcase classname="testCases.LoginTest" name="verifyBlankEmailLogin" time="0.787"/>
  <testcase classname="testCases.LoginTest" name="verifyBlankPasswordLogin" time="1.556"/>
  <testcase classname="testCases.LoginTest" name="verifyCorrectCredLogin" time="2.691"/>
  <testcase classname="testCases.HomeTest" name="verifyHomeCardsVisibility" time="0.194"/>
  <testcase classname="testCases.HomeTest" name="verifyBrokenLinksOfHomePage" time="6.377"/>
  <testcase classname="testBase.BaseClass" name="@BeforeSuite browserLounching" time="0.0">
    <ignored/>
  </testcase> <!-- @BeforeSuite browserLounching -->
</testsuite> <!-- test -->
