<?xml version="1.0" encoding="UTF-8"?>
<testng-results ignored="2" total="14" passed="12" failed="0" skipped="0">
  <reporter-output>
  </reporter-output>
  <suite started-at="2025-06-17T00:12:14 IST" name="Suite" finished-at="2025-06-17T00:14:13 IST" duration-ms="118873">
    <groups>
    </groups>
    <test started-at="2025-06-17T00:12:14 IST" name="Test" finished-at="2025-06-17T00:14:13 IST" duration-ms="118873">
      <class name="testCases.LoginTest">
        <test-method is-config="true" signature="browserLounching()[pri:0, instance:testCases.LoginTest@b9b00e0]" started-at="2025-06-17T00:11:58 IST" name="browserLounching" finished-at="2025-06-17T00:12:14 IST" duration-ms="16154" status="PASS">
          <reporter-output>
          </reporter-output>
        </test-method> <!-- browserLounching -->
        <test-method is-config="true" signature="setupLoginPageObjects()[pri:0, instance:testCases.LoginTest@b9b00e0]" started-at="2025-06-17T00:12:14 IST" name="setupLoginPageObjects" finished-at="2025-06-17T00:12:14 IST" duration-ms="62" status="PASS">
          <reporter-output>
          </reporter-output>
        </test-method> <!-- setupLoginPageObjects -->
        <test-method signature="verifyIncorrectCredLogin()[pri:1, instance:testCases.LoginTest@b9b00e0]" started-at="2025-06-17T00:12:14 IST" name="verifyIncorrectCredLogin" finished-at="2025-06-17T00:12:17 IST" duration-ms="2694" status="PASS">
          <reporter-output>
          </reporter-output>
        </test-method> <!-- verifyIncorrectCredLogin -->
        <test-method is-config="true" signature="setupLoginPageObjects()[pri:0, instance:testCases.LoginTest@b9b00e0]" started-at="2025-06-17T00:12:17 IST" name="setupLoginPageObjects" finished-at="2025-06-17T00:12:17 IST" duration-ms="1" status="PASS">
          <reporter-output>
          </reporter-output>
        </test-method> <!-- setupLoginPageObjects -->
        <test-method signature="verifyBlankEmailLogin()[pri:2, instance:testCases.LoginTest@b9b00e0]" started-at="2025-06-17T00:12:17 IST" name="verifyBlankEmailLogin" finished-at="2025-06-17T00:12:18 IST" duration-ms="664" status="PASS">
          <reporter-output>
          </reporter-output>
        </test-method> <!-- verifyBlankEmailLogin -->
        <test-method is-config="true" signature="setupLoginPageObjects()[pri:0, instance:testCases.LoginTest@b9b00e0]" started-at="2025-06-17T00:12:18 IST" name="setupLoginPageObjects" finished-at="2025-06-17T00:12:18 IST" duration-ms="2" status="PASS">
          <reporter-output>
          </reporter-output>
        </test-method> <!-- setupLoginPageObjects -->
        <test-method signature="verifyBlankPasswordLogin()[pri:3, instance:testCases.LoginTest@b9b00e0]" started-at="2025-06-17T00:12:18 IST" name="verifyBlankPasswordLogin" finished-at="2025-06-17T00:12:19 IST" duration-ms="1663" status="PASS">
          <reporter-output>
          </reporter-output>
        </test-method> <!-- verifyBlankPasswordLogin -->
        <test-method is-config="true" signature="setupLoginPageObjects()[pri:0, instance:testCases.LoginTest@b9b00e0]" started-at="2025-06-17T00:12:19 IST" name="setupLoginPageObjects" finished-at="2025-06-17T00:12:19 IST" duration-ms="1" status="PASS">
          <reporter-output>
          </reporter-output>
        </test-method> <!-- setupLoginPageObjects -->
        <test-method signature="verifyCorrectCredLogin()[pri:4, instance:testCases.LoginTest@b9b00e0]" started-at="2025-06-17T00:12:19 IST" name="verifyCorrectCredLogin" finished-at="2025-06-17T00:12:22 IST" duration-ms="2438" status="PASS">
          <reporter-output>
          </reporter-output>
        </test-method> <!-- verifyCorrectCredLogin -->
      </class> <!-- testCases.LoginTest -->
      <class name="testCases.WorkflowTest">
        <test-method is-config="true" signature="setupWorkflowObjects()[pri:0, instance:testCases.WorkflowTest@771a660]" started-at="2025-06-17T00:12:22 IST" name="setupWorkflowObjects" finished-at="2025-06-17T00:12:22 IST" duration-ms="5" status="PASS">
          <reporter-output>
          </reporter-output>
        </test-method> <!-- setupWorkflowObjects -->
        <test-method signature="verifyMyWorkflowsPage()[pri:1, instance:testCases.WorkflowTest@771a660]" started-at="2025-06-17T00:12:22 IST" name="verifyMyWorkflowsPage" finished-at="2025-06-17T00:13:08 IST" duration-ms="45586" status="PASS">
          <reporter-output>
          </reporter-output>
        </test-method> <!-- verifyMyWorkflowsPage -->
        <test-method is-config="true" signature="setupWorkflowObjects()[pri:0, instance:testCases.WorkflowTest@771a660]" started-at="2025-06-17T00:13:08 IST" name="setupWorkflowObjects" finished-at="2025-06-17T00:13:08 IST" duration-ms="4" status="PASS">
          <reporter-output>
          </reporter-output>
        </test-method> <!-- setupWorkflowObjects -->
        <test-method signature="verifyNullChatBotName()[pri:2, instance:testCases.WorkflowTest@771a660]" started-at="2025-06-17T00:13:08 IST" name="verifyNullChatBotName" finished-at="2025-06-17T00:13:09 IST" duration-ms="1459" status="PASS">
          <reporter-output>
          </reporter-output>
        </test-method> <!-- verifyNullChatBotName -->
        <test-method is-config="true" signature="setupWorkflowObjects()[pri:0, instance:testCases.WorkflowTest@771a660]" started-at="2025-06-17T00:13:09 IST" name="setupWorkflowObjects" finished-at="2025-06-17T00:13:09 IST" duration-ms="1" status="PASS">
          <reporter-output>
          </reporter-output>
        </test-method> <!-- setupWorkflowObjects -->
        <test-method signature="verifyNullDepartmentId()[pri:3, instance:testCases.WorkflowTest@771a660]" started-at="2025-06-17T00:13:09 IST" name="verifyNullDepartmentId" finished-at="2025-06-17T00:13:11 IST" duration-ms="1721" status="PASS">
          <reporter-output>
          </reporter-output>
        </test-method> <!-- verifyNullDepartmentId -->
        <test-method is-config="true" signature="setupWorkflowObjects()[pri:0, instance:testCases.WorkflowTest@771a660]" started-at="2025-06-17T00:13:11 IST" name="setupWorkflowObjects" finished-at="2025-06-17T00:13:11 IST" duration-ms="2" status="PASS">
          <reporter-output>
          </reporter-output>
        </test-method> <!-- setupWorkflowObjects -->
        <test-method signature="verifyNullProductType()[pri:4, instance:testCases.WorkflowTest@771a660]" started-at="2025-06-17T00:13:11 IST" name="verifyNullProductType" finished-at="2025-06-17T00:13:23 IST" duration-ms="12395" status="PASS">
          <reporter-output>
          </reporter-output>
        </test-method> <!-- verifyNullProductType -->
        <test-method is-config="true" signature="setupWorkflowObjects()[pri:0, instance:testCases.WorkflowTest@771a660]" started-at="2025-06-17T00:13:23 IST" name="setupWorkflowObjects" finished-at="2025-06-17T00:13:23 IST" duration-ms="1" status="PASS">
          <reporter-output>
          </reporter-output>
        </test-method> <!-- setupWorkflowObjects -->
        <test-method signature="verifyNewWorkflowCreation()[pri:5, instance:testCases.WorkflowTest@771a660]" started-at="2025-06-17T00:13:23 IST" name="verifyNewWorkflowCreation" finished-at="2025-06-17T00:13:48 IST" duration-ms="24477" status="PASS">
          <reporter-output>
          </reporter-output>
        </test-method> <!-- verifyNewWorkflowCreation -->
        <test-method is-config="true" signature="setupWorkflowObjects()[pri:0, instance:testCases.WorkflowTest@771a660]" started-at="2025-06-17T00:13:48 IST" name="setupWorkflowObjects" finished-at="2025-06-17T00:13:48 IST" duration-ms="5" status="PASS">
          <reporter-output>
          </reporter-output>
        </test-method> <!-- setupWorkflowObjects -->
        <test-method signature="verifyDuplicateWorkflowCreation()[pri:6, instance:testCases.WorkflowTest@771a660]" started-at="2025-06-17T00:13:48 IST" name="verifyDuplicateWorkflowCreation" finished-at="2025-06-17T00:14:12 IST" duration-ms="23800" status="PASS">
          <reporter-output>
          </reporter-output>
        </test-method> <!-- verifyDuplicateWorkflowCreation -->
        <test-method is-config="true" signature="setupWorkflowObjects()[pri:0, instance:testCases.WorkflowTest@771a660]" started-at="2025-06-17T00:14:12 IST" name="setupWorkflowObjects" finished-at="2025-06-17T00:14:12 IST" duration-ms="1" status="PASS">
          <reporter-output>
          </reporter-output>
        </test-method> <!-- setupWorkflowObjects -->
        <test-method signature="verifyResumeWorkflowWithoutNode()[pri:7, instance:testCases.WorkflowTest@771a660]" started-at="2025-06-17T00:14:12 IST" name="verifyResumeWorkflowWithoutNode" finished-at="2025-06-17T00:14:13 IST" duration-ms="1324" status="PASS">
          <reporter-output>
          </reporter-output>
        </test-method> <!-- verifyResumeWorkflowWithoutNode -->
      </class> <!-- testCases.WorkflowTest -->
      <class name="testCases.HomeTest">
        <test-method is-config="true" signature="setupHomePageObjects()[pri:0, instance:testCases.HomeTest@783a467b]" started-at="2025-06-17T00:12:22 IST" name="setupHomePageObjects" finished-at="2025-06-17T00:12:22 IST" duration-ms="38" status="PASS">
          <reporter-output>
          </reporter-output>
        </test-method> <!-- setupHomePageObjects -->
        <test-method signature="verifyHomeCardsVisibility()[pri:1, instance:testCases.HomeTest@783a467b]" started-at="2025-06-17T00:12:22 IST" name="verifyHomeCardsVisibility" finished-at="2025-06-17T00:12:22 IST" duration-ms="375" status="PASS">
          <reporter-output>
          </reporter-output>
        </test-method> <!-- verifyHomeCardsVisibility -->
      </class> <!-- testCases.HomeTest -->
    </test> <!-- Test -->
  </suite> <!-- Suite -->
</testng-results>
