<?xml version="1.0" encoding="UTF-8"?>
<!-- Generated by org.testng.reporters.JUnitXMLReporter -->
<testsuite ignored="0" hostname="Ezeiatech" failures="0" tests="4" name="Login" time="24.118" errors="0" timestamp="2025-06-11T16:23:54 IST">
  <testcase classname="OdioBot_LoginTC.LoginTest" name="getTitle_odio" time="0.02"/>
  <testcase classname="OdioBot_LoginTC.LoginTest" name="getuserpass_odio" time="7.967"/>
  <testcase classname="OdioBot_LoginTC.LoginTest" name="gethoversidebar" time="3.226"/>
  <testcase classname="OdioBot_LoginTC.LoginTest" name="wfclick" time="0.922"/>
</testsuite> <!-- Login -->
